[2022-11-21 16:57:07Z INFO HostContext] No proxy settings were found based on environmental variables (http_proxy/https_proxy/HTTP_PROXY/HTTPS_PROXY)
[2022-11-21 16:57:07Z INFO HostContext] Well known directory 'Bin': '/Users/daniel.salmeron/repos/vault-guides/ecosystem/vault-github-action/actions-runner/bin'
[2022-11-21 16:57:07Z INFO HostContext] Well known directory 'Root': '/Users/daniel.salmeron/repos/vault-guides/ecosystem/vault-github-action/actions-runner'
[2022-11-21 16:57:07Z INFO HostContext] Well known config file 'Credentials': '/Users/daniel.salmeron/repos/vault-guides/ecosystem/vault-github-action/actions-runner/.credentials'
[2022-11-21 16:57:07Z INFO HostContext] Well known directory 'Bin': '/Users/daniel.salmeron/repos/vault-guides/ecosystem/vault-github-action/actions-runner/bin'
[2022-11-21 16:57:07Z INFO HostContext] Well known directory 'Root': '/Users/daniel.salmeron/repos/vault-guides/ecosystem/vault-github-action/actions-runner'
[2022-11-21 16:57:07Z INFO HostContext] Well known config file 'Runner': '/Users/daniel.salmeron/repos/vault-guides/ecosystem/vault-github-action/actions-runner/.runner'
[2022-11-21 16:57:07Z INFO Listener] Runner is built for OSX (X64) - osx-x64.
[2022-11-21 16:57:07Z INFO Listener] RuntimeInformation: Darwin 21.2.0 Darwin Kernel Version 21.2.0: Sun Nov 28 20:28:41 PST 2021; root:xnu-8019.61.5~1/RELEASE_ARM64_T6000.
[2022-11-21 16:57:07Z INFO Listener] Version: 2.299.1
[2022-11-21 16:57:07Z INFO Listener] Commit: 2e44f985bd9bf890dc061e654f6a850c6f1249cf
[2022-11-21 16:57:07Z INFO Listener] Culture: 
[2022-11-21 16:57:07Z INFO Listener] UI Culture: 
[2022-11-21 16:57:07Z INFO HostContext] Well known directory 'Bin': '/Users/daniel.salmeron/repos/vault-guides/ecosystem/vault-github-action/actions-runner/bin'
[2022-11-21 16:57:07Z INFO HostContext] Well known directory 'Root': '/Users/daniel.salmeron/repos/vault-guides/ecosystem/vault-github-action/actions-runner'
[2022-11-21 16:57:07Z INFO Listener] Validating directory permissions for: '/Users/daniel.salmeron/repos/vault-guides/ecosystem/vault-github-action/actions-runner'
[2022-11-21 16:57:07Z INFO CommandLineParser] Parse
[2022-11-21 16:57:07Z INFO CommandLineParser] Parsing 1 args
[2022-11-21 16:57:07Z INFO CommandLineParser] parsing argument
[2022-11-21 16:57:07Z INFO CommandLineParser] HasArgs: False
[2022-11-21 16:57:07Z INFO CommandLineParser] Adding Command: run
[2022-11-21 16:57:07Z INFO Listener] Arguments parsed
[2022-11-21 16:57:07Z INFO Runner] ExecuteCommand
[2022-11-21 16:57:07Z INFO ConfigurationStore] currentAssemblyLocation: /Users/daniel.salmeron/repos/vault-guides/ecosystem/vault-github-action/actions-runner/bin/Runner.Listener.dll
[2022-11-21 16:57:07Z INFO HostContext] Well known directory 'Bin': '/Users/daniel.salmeron/repos/vault-guides/ecosystem/vault-github-action/actions-runner/bin'
[2022-11-21 16:57:07Z INFO ConfigurationStore] binPath: /Users/daniel.salmeron/repos/vault-guides/ecosystem/vault-github-action/actions-runner/bin
[2022-11-21 16:57:07Z INFO HostContext] Well known directory 'Bin': '/Users/daniel.salmeron/repos/vault-guides/ecosystem/vault-github-action/actions-runner/bin'
[2022-11-21 16:57:07Z INFO HostContext] Well known directory 'Root': '/Users/daniel.salmeron/repos/vault-guides/ecosystem/vault-github-action/actions-runner'
[2022-11-21 16:57:07Z INFO ConfigurationStore] RootFolder: /Users/daniel.salmeron/repos/vault-guides/ecosystem/vault-github-action/actions-runner
[2022-11-21 16:57:07Z INFO HostContext] Well known directory 'Bin': '/Users/daniel.salmeron/repos/vault-guides/ecosystem/vault-github-action/actions-runner/bin'
[2022-11-21 16:57:07Z INFO HostContext] Well known directory 'Root': '/Users/daniel.salmeron/repos/vault-guides/ecosystem/vault-github-action/actions-runner'
[2022-11-21 16:57:07Z INFO HostContext] Well known config file 'Runner': '/Users/daniel.salmeron/repos/vault-guides/ecosystem/vault-github-action/actions-runner/.runner'
[2022-11-21 16:57:07Z INFO ConfigurationStore] ConfigFilePath: /Users/daniel.salmeron/repos/vault-guides/ecosystem/vault-github-action/actions-runner/.runner
[2022-11-21 16:57:07Z INFO HostContext] Well known directory 'Bin': '/Users/daniel.salmeron/repos/vault-guides/ecosystem/vault-github-action/actions-runner/bin'
[2022-11-21 16:57:07Z INFO HostContext] Well known directory 'Root': '/Users/daniel.salmeron/repos/vault-guides/ecosystem/vault-github-action/actions-runner'
[2022-11-21 16:57:07Z INFO HostContext] Well known config file 'Credentials': '/Users/daniel.salmeron/repos/vault-guides/ecosystem/vault-github-action/actions-runner/.credentials'
[2022-11-21 16:57:07Z INFO ConfigurationStore] CredFilePath: /Users/daniel.salmeron/repos/vault-guides/ecosystem/vault-github-action/actions-runner/.credentials
[2022-11-21 16:57:07Z INFO HostContext] Well known directory 'Bin': '/Users/daniel.salmeron/repos/vault-guides/ecosystem/vault-github-action/actions-runner/bin'
[2022-11-21 16:57:07Z INFO HostContext] Well known directory 'Root': '/Users/daniel.salmeron/repos/vault-guides/ecosystem/vault-github-action/actions-runner'
[2022-11-21 16:57:07Z INFO HostContext] Well known config file 'MigratedCredentials': '/Users/daniel.salmeron/repos/vault-guides/ecosystem/vault-github-action/actions-runner/.credentials_migrated'
[2022-11-21 16:57:07Z INFO ConfigurationStore] MigratedCredFilePath: /Users/daniel.salmeron/repos/vault-guides/ecosystem/vault-github-action/actions-runner/.credentials_migrated
[2022-11-21 16:57:07Z INFO HostContext] Well known directory 'Bin': '/Users/daniel.salmeron/repos/vault-guides/ecosystem/vault-github-action/actions-runner/bin'
[2022-11-21 16:57:07Z INFO HostContext] Well known directory 'Root': '/Users/daniel.salmeron/repos/vault-guides/ecosystem/vault-github-action/actions-runner'
[2022-11-21 16:57:07Z INFO HostContext] Well known config file 'Service': '/Users/daniel.salmeron/repos/vault-guides/ecosystem/vault-github-action/actions-runner/.service'
[2022-11-21 16:57:07Z INFO ConfigurationStore] ServiceConfigFilePath: /Users/daniel.salmeron/repos/vault-guides/ecosystem/vault-github-action/actions-runner/.service
[2022-11-21 16:57:07Z INFO CommandSettings] Flag 'help': 'False'
[2022-11-21 16:57:07Z INFO CommandSettings] Flag 'version': 'False'
[2022-11-21 16:57:07Z INFO CommandSettings] Flag 'commit': 'False'
[2022-11-21 16:57:07Z INFO CommandSettings] Flag 'check': 'False'
[2022-11-21 16:57:07Z INFO CommandSettings] Command 'configure': 'False'
[2022-11-21 16:57:07Z INFO CommandSettings] Command 'remove': 'False'
[2022-11-21 16:57:07Z INFO CommandSettings] Command 'warmup': 'False'
[2022-11-21 16:57:07Z INFO ConfigurationManager] LoadSettings
[2022-11-21 16:57:07Z INFO ConfigurationStore] IsConfigured()
[2022-11-21 16:57:07Z INFO ConfigurationStore] IsConfigured: False
[2022-11-21 16:57:07Z INFO ConfigurationManager] Is configured: False
[2022-11-21 16:57:07Z ERR  Terminal] WRITE ERROR: An error occurred: Not configured. Run config.(sh/cmd) to configure the runner.
[2022-11-21 16:57:07Z ERR  Listener] GitHub.Runner.Common.NonRetryableException: Not configured. Run config.(sh/cmd) to configure the runner.
   at GitHub.Runner.Listener.Configuration.ConfigurationManager.LoadSettings()
   at GitHub.Runner.Listener.Runner.ExecuteCommand(CommandSettings command)
   at GitHub.Runner.Listener.Program.MainAsync(IHostContext context, String[] args)
