[2022-11-21 19:05:24Z INFO HostContext] No proxy settings were found based on environmental variables (http_proxy/https_proxy/HTTP_PROXY/HTTPS_PROXY)
[2022-11-21 19:05:24Z INFO HostContext] Well known directory 'Bin': '/Users/daniel.salmeron/repos/vault-guides/ecosystem/vault-github-action/actions-runner/bin'
[2022-11-21 19:05:24Z INFO HostContext] Well known directory 'Root': '/Users/daniel.salmeron/repos/vault-guides/ecosystem/vault-github-action/actions-runner'
[2022-11-21 19:05:24Z INFO HostContext] Well known config file 'Credentials': '/Users/daniel.salmeron/repos/vault-guides/ecosystem/vault-github-action/actions-runner/.credentials'
[2022-11-21 19:05:24Z INFO HostContext] Well known directory 'Bin': '/Users/daniel.salmeron/repos/vault-guides/ecosystem/vault-github-action/actions-runner/bin'
[2022-11-21 19:05:24Z INFO HostContext] Well known directory 'Root': '/Users/daniel.salmeron/repos/vault-guides/ecosystem/vault-github-action/actions-runner'
[2022-11-21 19:05:24Z INFO HostContext] Well known config file 'Runner': '/Users/daniel.salmeron/repos/vault-guides/ecosystem/vault-github-action/actions-runner/.runner'
[2022-11-21 19:05:24Z INFO Listener] Runner is built for OSX (X64) - osx-x64.
[2022-11-21 19:05:24Z INFO Listener] RuntimeInformation: Darwin 21.2.0 Darwin Kernel Version 21.2.0: Sun Nov 28 20:28:41 PST 2021; root:xnu-8019.61.5~1/RELEASE_ARM64_T6000.
[2022-11-21 19:05:25Z INFO Listener] Version: 2.299.1
[2022-11-21 19:05:25Z INFO Listener] Commit: 2e44f985bd9bf890dc061e654f6a850c6f1249cf
[2022-11-21 19:05:25Z INFO Listener] Culture: 
[2022-11-21 19:05:25Z INFO Listener] UI Culture: 
[2022-11-21 19:05:25Z INFO HostContext] Well known directory 'Bin': '/Users/daniel.salmeron/repos/vault-guides/ecosystem/vault-github-action/actions-runner/bin'
[2022-11-21 19:05:25Z INFO HostContext] Well known directory 'Root': '/Users/daniel.salmeron/repos/vault-guides/ecosystem/vault-github-action/actions-runner'
[2022-11-21 19:05:25Z INFO Listener] Validating directory permissions for: '/Users/daniel.salmeron/repos/vault-guides/ecosystem/vault-github-action/actions-runner'
[2022-11-21 19:05:25Z INFO CommandLineParser] Parse
[2022-11-21 19:05:25Z INFO CommandLineParser] Parsing 1 args
[2022-11-21 19:05:25Z INFO CommandLineParser] parsing argument
[2022-11-21 19:05:25Z INFO CommandLineParser] HasArgs: False
[2022-11-21 19:05:25Z INFO CommandLineParser] Adding Command: remove
[2022-11-21 19:05:25Z INFO Listener] Arguments parsed
[2022-11-21 19:05:25Z INFO Runner] ExecuteCommand
[2022-11-21 19:05:25Z INFO ConfigurationStore] currentAssemblyLocation: /Users/daniel.salmeron/repos/vault-guides/ecosystem/vault-github-action/actions-runner/bin/Runner.Listener.dll
[2022-11-21 19:05:25Z INFO HostContext] Well known directory 'Bin': '/Users/daniel.salmeron/repos/vault-guides/ecosystem/vault-github-action/actions-runner/bin'
[2022-11-21 19:05:25Z INFO ConfigurationStore] binPath: /Users/daniel.salmeron/repos/vault-guides/ecosystem/vault-github-action/actions-runner/bin
[2022-11-21 19:05:25Z INFO HostContext] Well known directory 'Bin': '/Users/daniel.salmeron/repos/vault-guides/ecosystem/vault-github-action/actions-runner/bin'
[2022-11-21 19:05:25Z INFO HostContext] Well known directory 'Root': '/Users/daniel.salmeron/repos/vault-guides/ecosystem/vault-github-action/actions-runner'
[2022-11-21 19:05:25Z INFO ConfigurationStore] RootFolder: /Users/daniel.salmeron/repos/vault-guides/ecosystem/vault-github-action/actions-runner
[2022-11-21 19:05:25Z INFO HostContext] Well known directory 'Bin': '/Users/daniel.salmeron/repos/vault-guides/ecosystem/vault-github-action/actions-runner/bin'
[2022-11-21 19:05:25Z INFO HostContext] Well known directory 'Root': '/Users/daniel.salmeron/repos/vault-guides/ecosystem/vault-github-action/actions-runner'
[2022-11-21 19:05:25Z INFO HostContext] Well known config file 'Runner': '/Users/daniel.salmeron/repos/vault-guides/ecosystem/vault-github-action/actions-runner/.runner'
[2022-11-21 19:05:25Z INFO ConfigurationStore] ConfigFilePath: /Users/daniel.salmeron/repos/vault-guides/ecosystem/vault-github-action/actions-runner/.runner
[2022-11-21 19:05:25Z INFO HostContext] Well known directory 'Bin': '/Users/daniel.salmeron/repos/vault-guides/ecosystem/vault-github-action/actions-runner/bin'
[2022-11-21 19:05:25Z INFO HostContext] Well known directory 'Root': '/Users/daniel.salmeron/repos/vault-guides/ecosystem/vault-github-action/actions-runner'
[2022-11-21 19:05:25Z INFO HostContext] Well known config file 'Credentials': '/Users/daniel.salmeron/repos/vault-guides/ecosystem/vault-github-action/actions-runner/.credentials'
[2022-11-21 19:05:25Z INFO ConfigurationStore] CredFilePath: /Users/daniel.salmeron/repos/vault-guides/ecosystem/vault-github-action/actions-runner/.credentials
[2022-11-21 19:05:25Z INFO HostContext] Well known directory 'Bin': '/Users/daniel.salmeron/repos/vault-guides/ecosystem/vault-github-action/actions-runner/bin'
[2022-11-21 19:05:25Z INFO HostContext] Well known directory 'Root': '/Users/daniel.salmeron/repos/vault-guides/ecosystem/vault-github-action/actions-runner'
[2022-11-21 19:05:25Z INFO HostContext] Well known config file 'MigratedCredentials': '/Users/daniel.salmeron/repos/vault-guides/ecosystem/vault-github-action/actions-runner/.credentials_migrated'
[2022-11-21 19:05:25Z INFO ConfigurationStore] MigratedCredFilePath: /Users/daniel.salmeron/repos/vault-guides/ecosystem/vault-github-action/actions-runner/.credentials_migrated
[2022-11-21 19:05:25Z INFO HostContext] Well known directory 'Bin': '/Users/daniel.salmeron/repos/vault-guides/ecosystem/vault-github-action/actions-runner/bin'
[2022-11-21 19:05:25Z INFO HostContext] Well known directory 'Root': '/Users/daniel.salmeron/repos/vault-guides/ecosystem/vault-github-action/actions-runner'
[2022-11-21 19:05:25Z INFO HostContext] Well known config file 'Service': '/Users/daniel.salmeron/repos/vault-guides/ecosystem/vault-github-action/actions-runner/.service'
[2022-11-21 19:05:25Z INFO ConfigurationStore] ServiceConfigFilePath: /Users/daniel.salmeron/repos/vault-guides/ecosystem/vault-github-action/actions-runner/.service
[2022-11-21 19:05:25Z INFO CommandSettings] Flag 'help': 'False'
[2022-11-21 19:05:25Z INFO CommandSettings] Flag 'version': 'False'
[2022-11-21 19:05:25Z INFO CommandSettings] Flag 'commit': 'False'
[2022-11-21 19:05:25Z INFO CommandSettings] Flag 'check': 'False'
[2022-11-21 19:05:25Z INFO CommandSettings] Command 'configure': 'False'
[2022-11-21 19:05:25Z INFO CommandSettings] Command 'remove': 'True'
[2022-11-21 19:05:25Z INFO ConfigurationStore] IsServiceConfigured()
[2022-11-21 19:05:25Z INFO ConfigurationStore] IsServiceConfigured: False
[2022-11-21 19:05:25Z INFO ConfigurationStore] IsConfigured()
[2022-11-21 19:05:25Z INFO ConfigurationStore] IsConfigured: True
[2022-11-21 19:05:25Z INFO ConfigurationStore] HasCredentials()
[2022-11-21 19:05:25Z INFO ConfigurationStore] stored True
[2022-11-21 19:05:25Z INFO ConfigurationStore] Read setting file: 309 chars
[2022-11-21 19:05:25Z INFO CommandSettings] Arg 'token': ''
[2022-11-21 19:05:25Z INFO CommandSettings] Flag 'unattended': 'False'
[2022-11-21 19:05:25Z INFO PromptManager] ReadValue
[2022-11-21 19:05:25Z INFO Terminal] WRITE: Enter runner remove token: 
[2022-11-21 19:05:25Z INFO Terminal] READ SECRET
[2022-11-21 19:05:32Z INFO Terminal] Read value: '***'
[2022-11-21 19:05:33Z ERR  Terminal] WRITE ERROR: Http response code: NotFound from 'POST https://api.github.com/actions/runner-registration'
[2022-11-21 19:05:33Z ERR  Terminal] WRITE ERROR: {"message":"Not Found","documentation_url":"https://docs.github.com/rest"}
[2022-11-21 19:05:33Z ERR  Terminal] WRITE ERROR: Failed: Removing runner from the server
[2022-11-21 19:05:33Z ERR  Runner] System.Net.Http.HttpRequestException: Response status code does not indicate success: 404 (Not Found).
   at System.Net.Http.HttpResponseMessage.EnsureSuccessStatusCode()
   at GitHub.Runner.Listener.Configuration.ConfigurationManager.GetTenantCredential(String githubUrl, String githubToken, String runnerEvent)
   at GitHub.Runner.Listener.Configuration.ConfigurationManager.UnconfigureAsync(CommandSettings command)
   at GitHub.Runner.Listener.Runner.ExecuteCommand(CommandSettings command)
[2022-11-21 19:05:33Z ERR  Terminal] WRITE ERROR: Response status code does not indicate success: 404 (Not Found).
[2022-11-21 19:05:33Z INFO Listener] Runner execution has finished with return code 1
