[2022-11-21 19:05:08Z INFO HostContext] No proxy settings were found based on environmental variables (http_proxy/https_proxy/HTTP_PROXY/HTTPS_PROXY)
[2022-11-21 19:05:08Z INFO HostContext] Well known directory 'Bin': '/Users/daniel.salmeron/repos/vault-guides/ecosystem/vault-github-action/actions-runner/bin'
[2022-11-21 19:05:08Z INFO HostContext] Well known directory 'Root': '/Users/daniel.salmeron/repos/vault-guides/ecosystem/vault-github-action/actions-runner'
[2022-11-21 19:05:08Z INFO HostContext] Well known config file 'Credentials': '/Users/daniel.salmeron/repos/vault-guides/ecosystem/vault-github-action/actions-runner/.credentials'
[2022-11-21 19:05:08Z INFO HostContext] Well known directory 'Bin': '/Users/daniel.salmeron/repos/vault-guides/ecosystem/vault-github-action/actions-runner/bin'
[2022-11-21 19:05:08Z INFO HostContext] Well known directory 'Root': '/Users/daniel.salmeron/repos/vault-guides/ecosystem/vault-github-action/actions-runner'
[2022-11-21 19:05:08Z INFO HostContext] Well known config file 'Runner': '/Users/daniel.salmeron/repos/vault-guides/ecosystem/vault-github-action/actions-runner/.runner'
[2022-11-21 19:05:08Z INFO Listener] Runner is built for OSX (X64) - osx-x64.
[2022-11-21 19:05:08Z INFO Listener] RuntimeInformation: Darwin 21.2.0 Darwin Kernel Version 21.2.0: Sun Nov 28 20:28:41 PST 2021; root:xnu-8019.61.5~1/RELEASE_ARM64_T6000.
[2022-11-21 19:05:08Z INFO Listener] Version: 2.299.1
[2022-11-21 19:05:08Z INFO Listener] Commit: 2e44f985bd9bf890dc061e654f6a850c6f1249cf
[2022-11-21 19:05:08Z INFO Listener] Culture: 
[2022-11-21 19:05:08Z INFO Listener] UI Culture: 
[2022-11-21 19:05:08Z INFO HostContext] Well known directory 'Bin': '/Users/daniel.salmeron/repos/vault-guides/ecosystem/vault-github-action/actions-runner/bin'
[2022-11-21 19:05:08Z INFO HostContext] Well known directory 'Root': '/Users/daniel.salmeron/repos/vault-guides/ecosystem/vault-github-action/actions-runner'
[2022-11-21 19:05:08Z INFO Listener] Validating directory permissions for: '/Users/daniel.salmeron/repos/vault-guides/ecosystem/vault-github-action/actions-runner'
[2022-11-21 19:05:08Z INFO CommandLineParser] Parse
[2022-11-21 19:05:08Z INFO CommandLineParser] Parsing 5 args
[2022-11-21 19:05:08Z INFO CommandLineParser] parsing argument
[2022-11-21 19:05:08Z INFO CommandLineParser] HasArgs: False
[2022-11-21 19:05:08Z INFO CommandLineParser] Adding Command: configure
[2022-11-21 19:05:08Z INFO CommandLineParser] parsing argument
[2022-11-21 19:05:08Z INFO CommandLineParser] HasArgs: True
[2022-11-21 19:05:08Z INFO CommandLineParser] arg: url
[2022-11-21 19:05:08Z INFO CommandLineParser] parsing argument
[2022-11-21 19:05:08Z INFO CommandLineParser] HasArgs: True
[2022-11-21 19:05:08Z INFO CommandLineParser] Adding option 'url': 'https://github.com/okuspocus/vault-action-exampleapp'
[2022-11-21 19:05:08Z INFO CommandLineParser] parsing argument
[2022-11-21 19:05:08Z INFO CommandLineParser] HasArgs: True
[2022-11-21 19:05:08Z INFO CommandLineParser] arg: token
[2022-11-21 19:05:08Z INFO CommandLineParser] parsing argument
[2022-11-21 19:05:08Z INFO CommandLineParser] HasArgs: True
[2022-11-21 19:05:08Z INFO CommandLineParser] Adding option 'token': '***'
[2022-11-21 19:05:08Z INFO Listener] Arguments parsed
[2022-11-21 19:05:08Z INFO Runner] ExecuteCommand
[2022-11-21 19:05:08Z INFO ConfigurationStore] currentAssemblyLocation: /Users/daniel.salmeron/repos/vault-guides/ecosystem/vault-github-action/actions-runner/bin/Runner.Listener.dll
[2022-11-21 19:05:08Z INFO HostContext] Well known directory 'Bin': '/Users/daniel.salmeron/repos/vault-guides/ecosystem/vault-github-action/actions-runner/bin'
[2022-11-21 19:05:08Z INFO ConfigurationStore] binPath: /Users/daniel.salmeron/repos/vault-guides/ecosystem/vault-github-action/actions-runner/bin
[2022-11-21 19:05:08Z INFO HostContext] Well known directory 'Bin': '/Users/daniel.salmeron/repos/vault-guides/ecosystem/vault-github-action/actions-runner/bin'
[2022-11-21 19:05:08Z INFO HostContext] Well known directory 'Root': '/Users/daniel.salmeron/repos/vault-guides/ecosystem/vault-github-action/actions-runner'
[2022-11-21 19:05:08Z INFO ConfigurationStore] RootFolder: /Users/daniel.salmeron/repos/vault-guides/ecosystem/vault-github-action/actions-runner
[2022-11-21 19:05:08Z INFO HostContext] Well known directory 'Bin': '/Users/daniel.salmeron/repos/vault-guides/ecosystem/vault-github-action/actions-runner/bin'
[2022-11-21 19:05:08Z INFO HostContext] Well known directory 'Root': '/Users/daniel.salmeron/repos/vault-guides/ecosystem/vault-github-action/actions-runner'
[2022-11-21 19:05:08Z INFO HostContext] Well known config file 'Runner': '/Users/daniel.salmeron/repos/vault-guides/ecosystem/vault-github-action/actions-runner/.runner'
[2022-11-21 19:05:08Z INFO ConfigurationStore] ConfigFilePath: /Users/daniel.salmeron/repos/vault-guides/ecosystem/vault-github-action/actions-runner/.runner
[2022-11-21 19:05:08Z INFO HostContext] Well known directory 'Bin': '/Users/daniel.salmeron/repos/vault-guides/ecosystem/vault-github-action/actions-runner/bin'
[2022-11-21 19:05:08Z INFO HostContext] Well known directory 'Root': '/Users/daniel.salmeron/repos/vault-guides/ecosystem/vault-github-action/actions-runner'
[2022-11-21 19:05:08Z INFO HostContext] Well known config file 'Credentials': '/Users/daniel.salmeron/repos/vault-guides/ecosystem/vault-github-action/actions-runner/.credentials'
[2022-11-21 19:05:08Z INFO ConfigurationStore] CredFilePath: /Users/daniel.salmeron/repos/vault-guides/ecosystem/vault-github-action/actions-runner/.credentials
[2022-11-21 19:05:08Z INFO HostContext] Well known directory 'Bin': '/Users/daniel.salmeron/repos/vault-guides/ecosystem/vault-github-action/actions-runner/bin'
[2022-11-21 19:05:08Z INFO HostContext] Well known directory 'Root': '/Users/daniel.salmeron/repos/vault-guides/ecosystem/vault-github-action/actions-runner'
[2022-11-21 19:05:08Z INFO HostContext] Well known config file 'MigratedCredentials': '/Users/daniel.salmeron/repos/vault-guides/ecosystem/vault-github-action/actions-runner/.credentials_migrated'
[2022-11-21 19:05:08Z INFO ConfigurationStore] MigratedCredFilePath: /Users/daniel.salmeron/repos/vault-guides/ecosystem/vault-github-action/actions-runner/.credentials_migrated
[2022-11-21 19:05:08Z INFO HostContext] Well known directory 'Bin': '/Users/daniel.salmeron/repos/vault-guides/ecosystem/vault-github-action/actions-runner/bin'
[2022-11-21 19:05:08Z INFO HostContext] Well known directory 'Root': '/Users/daniel.salmeron/repos/vault-guides/ecosystem/vault-github-action/actions-runner'
[2022-11-21 19:05:08Z INFO HostContext] Well known config file 'Service': '/Users/daniel.salmeron/repos/vault-guides/ecosystem/vault-github-action/actions-runner/.service'
[2022-11-21 19:05:08Z INFO ConfigurationStore] ServiceConfigFilePath: /Users/daniel.salmeron/repos/vault-guides/ecosystem/vault-github-action/actions-runner/.service
[2022-11-21 19:05:08Z INFO CommandSettings] Flag 'help': 'False'
[2022-11-21 19:05:08Z INFO CommandSettings] Flag 'version': 'False'
[2022-11-21 19:05:08Z INFO CommandSettings] Flag 'commit': 'False'
[2022-11-21 19:05:08Z INFO CommandSettings] Flag 'check': 'False'
[2022-11-21 19:05:08Z INFO CommandSettings] Command 'configure': 'True'
[2022-11-21 19:05:08Z INFO Terminal] WRITE LINE: 
[2022-11-21 19:05:08Z INFO Terminal] WRITE LINE: --------------------------------------------------------------------------------
[2022-11-21 19:05:08Z INFO Terminal] WRITE LINE: |        ____ _ _   _   _       _          _        _   _                      |
[2022-11-21 19:05:08Z INFO Terminal] WRITE LINE: |       / ___(_) |_| | | |_   _| |__      / \   ___| |_(_) ___  _ __  ___      |
[2022-11-21 19:05:08Z INFO Terminal] WRITE LINE: |      | |  _| | __| |_| | | | | '_ \    / _ \ / __| __| |/ _ \| '_ \/ __|     |
[2022-11-21 19:05:08Z INFO Terminal] WRITE LINE: |      | |_| | | |_|  _  | |_| | |_) |  / ___ \ (__| |_| | (_) | | | \__ \     |
[2022-11-21 19:05:08Z INFO Terminal] WRITE LINE: |       \____|_|\__|_| |_|\__,_|_.__/  /_/   \_\___|\__|_|\___/|_| |_|___/     |
[2022-11-21 19:05:08Z INFO Terminal] WRITE LINE: |                                                                              |
[2022-11-21 19:05:08Z INFO Terminal] WRITE: |                       
[2022-11-21 19:05:08Z INFO Terminal] WRITE: Self-hosted runner registration
[2022-11-21 19:05:08Z INFO Terminal] WRITE LINE:                         |
[2022-11-21 19:05:08Z INFO Terminal] WRITE LINE: |                                                                              |
[2022-11-21 19:05:08Z INFO Terminal] WRITE LINE: --------------------------------------------------------------------------------
[2022-11-21 19:05:08Z INFO ConfigurationManager] ConfigureAsync
[2022-11-21 19:05:08Z INFO CommandSettings] Flag 'generateServiceConfig': 'False'
[2022-11-21 19:05:08Z INFO ConfigurationStore] IsConfigured()
[2022-11-21 19:05:08Z INFO ConfigurationStore] IsConfigured: True
[2022-11-21 19:05:08Z INFO ConfigurationManager] Is configured: True
[2022-11-21 19:05:08Z ERR  Runner] System.InvalidOperationException: Cannot configure the runner because it is already configured. To reconfigure the runner, run 'config.cmd remove' or './config.sh remove' first.
   at GitHub.Runner.Listener.Configuration.ConfigurationManager.ConfigureAsync(CommandSettings command)
   at GitHub.Runner.Listener.Runner.ExecuteCommand(CommandSettings command)
[2022-11-21 19:05:08Z ERR  Terminal] WRITE ERROR: Cannot configure the runner because it is already configured. To reconfigure the runner, run 'config.cmd remove' or './config.sh remove' first.
[2022-11-21 19:05:08Z INFO Listener] Runner execution has finished with return code 1
