[2022-11-21 16:53:45Z INFO HostContext] No proxy settings were found based on environmental variables (http_proxy/https_proxy/HTTP_PROXY/HTTPS_PROXY)
[2022-11-21 16:53:45Z INFO HostContext] Well known directory 'Bin': '/Users/daniel.salmeron/repos/vault-guides/ecosystem/vault-github-action/actions-runner/bin'
[2022-11-21 16:53:45Z INFO HostContext] Well known directory 'Root': '/Users/daniel.salmeron/repos/vault-guides/ecosystem/vault-github-action/actions-runner'
[2022-11-21 16:53:45Z INFO HostContext] Well known config file 'Credentials': '/Users/daniel.salmeron/repos/vault-guides/ecosystem/vault-github-action/actions-runner/.credentials'
[2022-11-21 16:53:45Z INFO HostContext] Well known directory 'Bin': '/Users/daniel.salmeron/repos/vault-guides/ecosystem/vault-github-action/actions-runner/bin'
[2022-11-21 16:53:45Z INFO HostContext] Well known directory 'Root': '/Users/daniel.salmeron/repos/vault-guides/ecosystem/vault-github-action/actions-runner'
[2022-11-21 16:53:45Z INFO HostContext] Well known config file 'Runner': '/Users/daniel.salmeron/repos/vault-guides/ecosystem/vault-github-action/actions-runner/.runner'
[2022-11-21 16:53:45Z INFO Listener] Runner is built for OSX (X64) - osx-x64.
[2022-11-21 16:53:45Z INFO Listener] RuntimeInformation: Darwin 21.2.0 Darwin Kernel Version 21.2.0: Sun Nov 28 20:28:41 PST 2021; root:xnu-8019.61.5~1/RELEASE_ARM64_T6000.
[2022-11-21 16:53:46Z INFO Listener] Version: 2.299.1
[2022-11-21 16:53:46Z INFO Listener] Commit: 2e44f985bd9bf890dc061e654f6a850c6f1249cf
[2022-11-21 16:53:46Z INFO Listener] Culture: 
[2022-11-21 16:53:46Z INFO Listener] UI Culture: 
[2022-11-21 16:53:46Z INFO HostContext] Well known directory 'Bin': '/Users/daniel.salmeron/repos/vault-guides/ecosystem/vault-github-action/actions-runner/bin'
[2022-11-21 16:53:46Z INFO HostContext] Well known directory 'Root': '/Users/daniel.salmeron/repos/vault-guides/ecosystem/vault-github-action/actions-runner'
[2022-11-21 16:53:46Z INFO Listener] Validating directory permissions for: '/Users/daniel.salmeron/repos/vault-guides/ecosystem/vault-github-action/actions-runner'
[2022-11-21 16:53:46Z INFO CommandLineParser] Parse
[2022-11-21 16:53:46Z INFO CommandLineParser] Parsing 5 args
[2022-11-21 16:53:46Z INFO CommandLineParser] parsing argument
[2022-11-21 16:53:46Z INFO CommandLineParser] HasArgs: False
[2022-11-21 16:53:46Z INFO CommandLineParser] Adding Command: configure
[2022-11-21 16:53:46Z INFO CommandLineParser] parsing argument
[2022-11-21 16:53:46Z INFO CommandLineParser] HasArgs: True
[2022-11-21 16:53:46Z INFO CommandLineParser] arg: url
[2022-11-21 16:53:46Z INFO CommandLineParser] parsing argument
[2022-11-21 16:53:46Z INFO CommandLineParser] HasArgs: True
[2022-11-21 16:53:46Z INFO CommandLineParser] Adding option 'url': 'https://github.com/okuspocus/vault-action-exampleapp'
[2022-11-21 16:53:46Z INFO CommandLineParser] parsing argument
[2022-11-21 16:53:46Z INFO CommandLineParser] HasArgs: True
[2022-11-21 16:53:46Z INFO CommandLineParser] arg: token
[2022-11-21 16:53:46Z INFO CommandLineParser] parsing argument
[2022-11-21 16:53:46Z INFO CommandLineParser] HasArgs: True
[2022-11-21 16:53:46Z INFO CommandLineParser] Adding option 'token': '***'
[2022-11-21 16:53:46Z INFO Listener] Arguments parsed
[2022-11-21 16:53:46Z INFO Runner] ExecuteCommand
[2022-11-21 16:53:46Z INFO ConfigurationStore] currentAssemblyLocation: /Users/daniel.salmeron/repos/vault-guides/ecosystem/vault-github-action/actions-runner/bin/Runner.Listener.dll
[2022-11-21 16:53:46Z INFO HostContext] Well known directory 'Bin': '/Users/daniel.salmeron/repos/vault-guides/ecosystem/vault-github-action/actions-runner/bin'
[2022-11-21 16:53:46Z INFO ConfigurationStore] binPath: /Users/daniel.salmeron/repos/vault-guides/ecosystem/vault-github-action/actions-runner/bin
[2022-11-21 16:53:46Z INFO HostContext] Well known directory 'Bin': '/Users/daniel.salmeron/repos/vault-guides/ecosystem/vault-github-action/actions-runner/bin'
[2022-11-21 16:53:46Z INFO HostContext] Well known directory 'Root': '/Users/daniel.salmeron/repos/vault-guides/ecosystem/vault-github-action/actions-runner'
[2022-11-21 16:53:46Z INFO ConfigurationStore] RootFolder: /Users/daniel.salmeron/repos/vault-guides/ecosystem/vault-github-action/actions-runner
[2022-11-21 16:53:46Z INFO HostContext] Well known directory 'Bin': '/Users/daniel.salmeron/repos/vault-guides/ecosystem/vault-github-action/actions-runner/bin'
[2022-11-21 16:53:46Z INFO HostContext] Well known directory 'Root': '/Users/daniel.salmeron/repos/vault-guides/ecosystem/vault-github-action/actions-runner'
[2022-11-21 16:53:46Z INFO HostContext] Well known config file 'Runner': '/Users/daniel.salmeron/repos/vault-guides/ecosystem/vault-github-action/actions-runner/.runner'
[2022-11-21 16:53:46Z INFO ConfigurationStore] ConfigFilePath: /Users/daniel.salmeron/repos/vault-guides/ecosystem/vault-github-action/actions-runner/.runner
[2022-11-21 16:53:46Z INFO HostContext] Well known directory 'Bin': '/Users/daniel.salmeron/repos/vault-guides/ecosystem/vault-github-action/actions-runner/bin'
[2022-11-21 16:53:46Z INFO HostContext] Well known directory 'Root': '/Users/daniel.salmeron/repos/vault-guides/ecosystem/vault-github-action/actions-runner'
[2022-11-21 16:53:46Z INFO HostContext] Well known config file 'Credentials': '/Users/daniel.salmeron/repos/vault-guides/ecosystem/vault-github-action/actions-runner/.credentials'
[2022-11-21 16:53:46Z INFO ConfigurationStore] CredFilePath: /Users/daniel.salmeron/repos/vault-guides/ecosystem/vault-github-action/actions-runner/.credentials
[2022-11-21 16:53:46Z INFO HostContext] Well known directory 'Bin': '/Users/daniel.salmeron/repos/vault-guides/ecosystem/vault-github-action/actions-runner/bin'
[2022-11-21 16:53:46Z INFO HostContext] Well known directory 'Root': '/Users/daniel.salmeron/repos/vault-guides/ecosystem/vault-github-action/actions-runner'
[2022-11-21 16:53:46Z INFO HostContext] Well known config file 'MigratedCredentials': '/Users/daniel.salmeron/repos/vault-guides/ecosystem/vault-github-action/actions-runner/.credentials_migrated'
[2022-11-21 16:53:46Z INFO ConfigurationStore] MigratedCredFilePath: /Users/daniel.salmeron/repos/vault-guides/ecosystem/vault-github-action/actions-runner/.credentials_migrated
[2022-11-21 16:53:46Z INFO HostContext] Well known directory 'Bin': '/Users/daniel.salmeron/repos/vault-guides/ecosystem/vault-github-action/actions-runner/bin'
[2022-11-21 16:53:46Z INFO HostContext] Well known directory 'Root': '/Users/daniel.salmeron/repos/vault-guides/ecosystem/vault-github-action/actions-runner'
[2022-11-21 16:53:46Z INFO HostContext] Well known config file 'Service': '/Users/daniel.salmeron/repos/vault-guides/ecosystem/vault-github-action/actions-runner/.service'
[2022-11-21 16:53:46Z INFO ConfigurationStore] ServiceConfigFilePath: /Users/daniel.salmeron/repos/vault-guides/ecosystem/vault-github-action/actions-runner/.service
[2022-11-21 16:53:46Z INFO CommandSettings] Flag 'help': 'False'
[2022-11-21 16:53:46Z INFO CommandSettings] Flag 'version': 'False'
[2022-11-21 16:53:46Z INFO CommandSettings] Flag 'commit': 'False'
[2022-11-21 16:53:46Z INFO CommandSettings] Flag 'check': 'False'
[2022-11-21 16:53:46Z INFO CommandSettings] Command 'configure': 'True'
[2022-11-21 16:53:46Z INFO Terminal] WRITE LINE: 
[2022-11-21 16:53:46Z INFO Terminal] WRITE LINE: --------------------------------------------------------------------------------
[2022-11-21 16:53:46Z INFO Terminal] WRITE LINE: |        ____ _ _   _   _       _          _        _   _                      |
[2022-11-21 16:53:46Z INFO Terminal] WRITE LINE: |       / ___(_) |_| | | |_   _| |__      / \   ___| |_(_) ___  _ __  ___      |
[2022-11-21 16:53:46Z INFO Terminal] WRITE LINE: |      | |  _| | __| |_| | | | | '_ \    / _ \ / __| __| |/ _ \| '_ \/ __|     |
[2022-11-21 16:53:46Z INFO Terminal] WRITE LINE: |      | |_| | | |_|  _  | |_| | |_) |  / ___ \ (__| |_| | (_) | | | \__ \     |
[2022-11-21 16:53:46Z INFO Terminal] WRITE LINE: |       \____|_|\__|_| |_|\__,_|_.__/  /_/   \_\___|\__|_|\___/|_| |_|___/     |
[2022-11-21 16:53:46Z INFO Terminal] WRITE LINE: |                                                                              |
[2022-11-21 16:53:46Z INFO Terminal] WRITE: |                       
[2022-11-21 16:53:46Z INFO Terminal] WRITE: Self-hosted runner registration
[2022-11-21 16:53:46Z INFO Terminal] WRITE LINE:                         |
[2022-11-21 16:53:46Z INFO Terminal] WRITE LINE: |                                                                              |
[2022-11-21 16:53:46Z INFO Terminal] WRITE LINE: --------------------------------------------------------------------------------
[2022-11-21 16:53:46Z INFO ConfigurationManager] ConfigureAsync
[2022-11-21 16:53:46Z INFO CommandSettings] Flag 'generateServiceConfig': 'False'
[2022-11-21 16:53:46Z INFO ConfigurationStore] IsConfigured()
[2022-11-21 16:53:46Z INFO ConfigurationStore] IsConfigured: False
[2022-11-21 16:53:46Z INFO ConfigurationManager] Is configured: False
[2022-11-21 16:53:46Z INFO CommandSettings] Arg 'url': 'https://github.com/okuspocus/vault-action-exampleapp'
[2022-11-21 16:53:46Z INFO CommandSettings] Remove url from Arg dictionary.
[2022-11-21 16:53:46Z INFO CommandSettings] Arg 'token': '***'
[2022-11-21 16:53:46Z INFO CommandSettings] Remove token from Arg dictionary.
[2022-11-21 16:53:50Z INFO ConfigurationManager] Http response code: OK from 'POST https://api.github.com/actions/runner-registration'
[2022-11-21 16:53:50Z INFO ConfigurationManager] cred retrieved via GitHub auth
[2022-11-21 16:53:50Z INFO RunnerServer] EstablishVssConnection
[2022-11-21 16:53:50Z INFO RunnerServer] Establish connection with 100 seconds timeout.
[2022-11-21 16:53:51Z INFO GitHubActionsService] Starting operation Location.GetConnectionData
[2022-11-21 16:53:51Z INFO RunnerServer] EstablishVssConnection
[2022-11-21 16:53:51Z INFO RunnerServer] Establish connection with 60 seconds timeout.
[2022-11-21 16:53:51Z INFO GitHubActionsService] Starting operation Location.GetConnectionData
[2022-11-21 16:53:51Z INFO RunnerServer] EstablishVssConnection
[2022-11-21 16:53:51Z INFO RunnerServer] Establish connection with 60 seconds timeout.
[2022-11-21 16:53:51Z INFO GitHubActionsService] Starting operation Location.GetConnectionData
[2022-11-21 16:53:52Z INFO GitHubActionsService] Finished operation Location.GetConnectionData
[2022-11-21 16:53:52Z INFO GitHubActionsService] Finished operation Location.GetConnectionData
[2022-11-21 16:53:52Z INFO GitHubActionsService] Finished operation Location.GetConnectionData
[2022-11-21 16:53:53Z INFO Terminal] WRITE LINE: 
[2022-11-21 16:53:53Z INFO ConfigurationManager] Test Connection complete.
[2022-11-21 16:53:53Z INFO HostContext] Well known directory 'Bin': '/Users/daniel.salmeron/repos/vault-guides/ecosystem/vault-github-action/actions-runner/bin'
[2022-11-21 16:53:53Z INFO HostContext] Well known directory 'Root': '/Users/daniel.salmeron/repos/vault-guides/ecosystem/vault-github-action/actions-runner'
[2022-11-21 16:53:53Z INFO HostContext] Well known config file 'RSACredentials': '/Users/daniel.salmeron/repos/vault-guides/ecosystem/vault-github-action/actions-runner/.credentials_rsaparams'
[2022-11-21 16:53:53Z INFO RSAFileKeyManager] Creating new RSA key using 2048-bit key length
[2022-11-21 16:53:53Z INFO RSAFileKeyManager] Successfully saved RSA key parameters to file /Users/daniel.salmeron/repos/vault-guides/ecosystem/vault-github-action/actions-runner/.credentials_rsaparams
[2022-11-21 16:53:53Z INFO RSAFileKeyManager] Which: 'chmod'
[2022-11-21 16:53:53Z INFO RSAFileKeyManager] Location: '/bin/chmod'
[2022-11-21 16:53:53Z INFO HostContext] Well known directory 'Bin': '/Users/daniel.salmeron/repos/vault-guides/ecosystem/vault-github-action/actions-runner/bin'
[2022-11-21 16:53:53Z INFO HostContext] Well known directory 'Root': '/Users/daniel.salmeron/repos/vault-guides/ecosystem/vault-github-action/actions-runner'
[2022-11-21 16:53:53Z INFO ProcessInvokerWrapper] Starting process:
[2022-11-21 16:53:53Z INFO ProcessInvokerWrapper]   File name: '/bin/chmod'
[2022-11-21 16:53:53Z INFO ProcessInvokerWrapper]   Arguments: '600 /Users/daniel.salmeron/repos/vault-guides/ecosystem/vault-github-action/actions-runner/.credentials_rsaparams'
[2022-11-21 16:53:53Z INFO ProcessInvokerWrapper]   Working directory: '/Users/daniel.salmeron/repos/vault-guides/ecosystem/vault-github-action/actions-runner'
[2022-11-21 16:53:53Z INFO ProcessInvokerWrapper]   Require exit code zero: 'False'
[2022-11-21 16:53:53Z INFO ProcessInvokerWrapper]   Encoding web name:  ; code page: ''
[2022-11-21 16:53:53Z INFO ProcessInvokerWrapper]   Force kill process on cancellation: 'False'
[2022-11-21 16:53:53Z INFO ProcessInvokerWrapper]   Redirected STDIN: 'False'
[2022-11-21 16:53:53Z INFO ProcessInvokerWrapper]   Persist current code page: 'False'
[2022-11-21 16:53:53Z INFO ProcessInvokerWrapper]   Keep redirected STDIN open: 'False'
[2022-11-21 16:53:53Z INFO ProcessInvokerWrapper]   High priority process: 'False'
[2022-11-21 16:53:53Z INFO ProcessInvokerWrapper] Process started with process id 25337, waiting for process exit.
[2022-11-21 16:53:53Z INFO ProcessInvokerWrapper] STDOUT/STDERR stream read finished.
[2022-11-21 16:53:53Z INFO ProcessInvokerWrapper] STDOUT/STDERR stream read finished.
[2022-11-21 16:53:53Z INFO ProcessInvokerWrapper] Finished process 25337 with exit code 0, and elapsed time 00:00:00.2020574.
[2022-11-21 16:53:53Z INFO RSAFileKeyManager] Successfully set permissions for RSA key parameters file /Users/daniel.salmeron/repos/vault-guides/ecosystem/vault-github-action/actions-runner/.credentials_rsaparams
[2022-11-21 16:53:54Z INFO CommandSettings] Arg 'runnergroup': ''
[2022-11-21 16:53:54Z INFO CommandSettings] Flag 'unattended': 'False'
[2022-11-21 16:53:54Z INFO PromptManager] ReadValue
[2022-11-21 16:53:54Z INFO Terminal] WRITE: Enter the name of the runner group to add this runner to: 
[2022-11-21 16:53:54Z INFO Terminal] WRITE: [press Enter for Default] 
[2022-11-21 16:53:54Z INFO Terminal] READ LINE
[2022-11-21 16:56:04Z INFO Terminal] Read value: ''
[2022-11-21 16:56:04Z INFO PromptManager] Falling back to the default: 'Default'
[2022-11-21 16:56:04Z INFO Terminal] WRITE LINE: 
[2022-11-21 16:56:04Z INFO ConfigurationManager] Found a self-hosted runner group with id 1 and name Default
[2022-11-21 16:56:04Z INFO CommandSettings] Flag 'disableupdate': 'False'
[2022-11-21 16:56:04Z INFO CommandSettings] Flag 'ephemeral': 'False'
[2022-11-21 16:56:04Z INFO CommandSettings] Arg 'name': ''
[2022-11-21 16:56:04Z INFO CommandSettings] Flag 'unattended': 'False'
[2022-11-21 16:56:04Z INFO PromptManager] ReadValue
[2022-11-21 16:56:04Z INFO Terminal] WRITE: Enter the name of runner: 
[2022-11-21 16:56:04Z INFO Terminal] WRITE: [press Enter for Daniels-MacBook-Pro] 
[2022-11-21 16:56:04Z INFO Terminal] READ LINE
[2022-11-21 16:56:07Z INFO Terminal] Read value: './run.sh'
[2022-11-21 16:56:07Z INFO Terminal] WRITE LINE: 
[2022-11-21 16:56:07Z INFO CommandSettings] Arg 'labels': ''
[2022-11-21 16:56:07Z INFO CommandSettings] Flag 'unattended': 'False'
[2022-11-21 16:56:07Z INFO PromptManager] ReadValue
[2022-11-21 16:56:07Z INFO Terminal] WRITE: This runner will have the following labels: 'self-hosted', 'macOS', 'X64' 
Enter any additional labels (ex. label-1,label-2): 
[2022-11-21 16:56:07Z INFO Terminal] WRITE: [press Enter to skip] 
[2022-11-21 16:56:07Z INFO Terminal] READ LINE
[2022-11-21 16:56:36Z INFO Terminal] Read value: 'self-hosted'
[2022-11-21 16:56:36Z INFO Terminal] WRITE LINE: 
[2022-11-21 16:56:37Z ERR  GitHubActionsService] GET request to https://pipelines.actions.githubusercontent.com/hF8zOUMGWytK4JAmod8FLcZ1yafXwV1u0ooB62lFUJAAnu6xlj/_apis/distributedtask/pools/1/agents?agentName=.%2Frun.sh&includeCapabilities=False failed. HTTP Status: BadRequest, AFD Ref: Ref A: F11C2527516B43C2994CC8F3EED2F771 Ref B: BCN30EDGE0709 Ref C: 2022-11-21T16:56:37Z
[2022-11-21 16:56:37Z ERR  Runner] GitHub.Services.WebApi.VssServiceResponseException: The runner name './run.sh' is not valid. A valid runner name is 64 characters or less in length and does not include '"', '/', ':', '<', '>', '\', '|', '*' and '?'. (Parameter 'agentName')
 ---> System.ArgumentException: The runner name './run.sh' is not valid. A valid runner name is 64 characters or less in length and does not include '"', '/', ':', '<', '>', '\', '|', '*' and '?'. (Parameter 'agentName')
   --- End of inner exception stack trace ---
   at GitHub.Services.WebApi.VssHttpClientBase.HandleResponseAsync(HttpResponseMessage response, CancellationToken cancellationToken)
   at GitHub.Services.WebApi.VssHttpClientBase.SendAsync(HttpRequestMessage message, HttpCompletionOption completionOption, Object userState, CancellationToken cancellationToken)
   at GitHub.Services.WebApi.VssHttpClientBase.SendAsync[T](HttpRequestMessage message, Object userState, CancellationToken cancellationToken)
   at GitHub.Services.WebApi.VssHttpClientBase.SendAsync[T](HttpMethod method, IEnumerable`1 additionalHeaders, Guid locationId, Object routeValues, ApiResourceVersion version, HttpContent content, IEnumerable`1 queryParameters, Object userState, CancellationToken cancellationToken)
   at GitHub.Runner.Listener.Configuration.ConfigurationManager.ConfigureAsync(CommandSettings command)
   at GitHub.Runner.Listener.Runner.ExecuteCommand(CommandSettings command)
[2022-11-21 16:56:37Z ERR  Runner] #####################################################
[2022-11-21 16:56:37Z ERR  Runner] System.ArgumentException: The runner name './run.sh' is not valid. A valid runner name is 64 characters or less in length and does not include '"', '/', ':', '<', '>', '\', '|', '*' and '?'. (Parameter 'agentName')
[2022-11-21 16:56:37Z ERR  Terminal] WRITE ERROR: The runner name './run.sh' is not valid. A valid runner name is 64 characters or less in length and does not include '"', '/', ':', '<', '>', '\', '|', '*' and '?'. (Parameter 'agentName')
[2022-11-21 16:56:37Z INFO Listener] Runner execution has finished with return code 1
