[2022-11-21 19:35:10Z INFO HostContext] No proxy settings were found based on environmental variables (http_proxy/https_proxy/HTTP_PROXY/HTTPS_PROXY)
[2022-11-21 19:35:10Z INFO HostContext] Well known directory 'Bin': '/Users/daniel.salmeron/repos/vault-guides/ecosystem/vault-github-action/actions-runner/bin'
[2022-11-21 19:35:10Z INFO HostContext] Well known directory 'Root': '/Users/daniel.salmeron/repos/vault-guides/ecosystem/vault-github-action/actions-runner'
[2022-11-21 19:35:10Z INFO HostContext] Well known config file 'Credentials': '/Users/daniel.salmeron/repos/vault-guides/ecosystem/vault-github-action/actions-runner/.credentials'
[2022-11-21 19:35:10Z INFO HostContext] Well known directory 'Bin': '/Users/daniel.salmeron/repos/vault-guides/ecosystem/vault-github-action/actions-runner/bin'
[2022-11-21 19:35:10Z INFO HostContext] Well known directory 'Root': '/Users/daniel.salmeron/repos/vault-guides/ecosystem/vault-github-action/actions-runner'
[2022-11-21 19:35:10Z INFO HostContext] Well known config file 'Runner': '/Users/daniel.salmeron/repos/vault-guides/ecosystem/vault-github-action/actions-runner/.runner'
[2022-11-21 19:35:10Z INFO Listener] Runner is built for OSX (X64) - osx-x64.
[2022-11-21 19:35:10Z INFO Listener] RuntimeInformation: Darwin 21.2.0 Darwin Kernel Version 21.2.0: Sun Nov 28 20:28:41 PST 2021; root:xnu-8019.61.5~1/RELEASE_ARM64_T6000.
[2022-11-21 19:35:10Z INFO Listener] Version: 2.299.1
[2022-11-21 19:35:10Z INFO Listener] Commit: 2e44f985bd9bf890dc061e654f6a850c6f1249cf
[2022-11-21 19:35:10Z INFO Listener] Culture: 
[2022-11-21 19:35:10Z INFO Listener] UI Culture: 
[2022-11-21 19:35:10Z INFO HostContext] Well known directory 'Bin': '/Users/daniel.salmeron/repos/vault-guides/ecosystem/vault-github-action/actions-runner/bin'
[2022-11-21 19:35:10Z INFO HostContext] Well known directory 'Root': '/Users/daniel.salmeron/repos/vault-guides/ecosystem/vault-github-action/actions-runner'
[2022-11-21 19:35:10Z INFO Listener] Validating directory permissions for: '/Users/daniel.salmeron/repos/vault-guides/ecosystem/vault-github-action/actions-runner'
[2022-11-21 19:35:10Z INFO CommandLineParser] Parse
[2022-11-21 19:35:10Z INFO CommandLineParser] Parsing 1 args
[2022-11-21 19:35:10Z INFO CommandLineParser] parsing argument
[2022-11-21 19:35:10Z INFO CommandLineParser] HasArgs: False
[2022-11-21 19:35:10Z INFO CommandLineParser] Adding Command: run
[2022-11-21 19:35:10Z INFO Listener] Arguments parsed
[2022-11-21 19:35:10Z INFO Runner] ExecuteCommand
[2022-11-21 19:35:10Z INFO ConfigurationStore] currentAssemblyLocation: /Users/daniel.salmeron/repos/vault-guides/ecosystem/vault-github-action/actions-runner/bin/Runner.Listener.dll
[2022-11-21 19:35:10Z INFO HostContext] Well known directory 'Bin': '/Users/daniel.salmeron/repos/vault-guides/ecosystem/vault-github-action/actions-runner/bin'
[2022-11-21 19:35:10Z INFO ConfigurationStore] binPath: /Users/daniel.salmeron/repos/vault-guides/ecosystem/vault-github-action/actions-runner/bin
[2022-11-21 19:35:10Z INFO HostContext] Well known directory 'Bin': '/Users/daniel.salmeron/repos/vault-guides/ecosystem/vault-github-action/actions-runner/bin'
[2022-11-21 19:35:10Z INFO HostContext] Well known directory 'Root': '/Users/daniel.salmeron/repos/vault-guides/ecosystem/vault-github-action/actions-runner'
[2022-11-21 19:35:10Z INFO ConfigurationStore] RootFolder: /Users/daniel.salmeron/repos/vault-guides/ecosystem/vault-github-action/actions-runner
[2022-11-21 19:35:10Z INFO HostContext] Well known directory 'Bin': '/Users/daniel.salmeron/repos/vault-guides/ecosystem/vault-github-action/actions-runner/bin'
[2022-11-21 19:35:10Z INFO HostContext] Well known directory 'Root': '/Users/daniel.salmeron/repos/vault-guides/ecosystem/vault-github-action/actions-runner'
[2022-11-21 19:35:10Z INFO HostContext] Well known config file 'Runner': '/Users/daniel.salmeron/repos/vault-guides/ecosystem/vault-github-action/actions-runner/.runner'
[2022-11-21 19:35:10Z INFO ConfigurationStore] ConfigFilePath: /Users/daniel.salmeron/repos/vault-guides/ecosystem/vault-github-action/actions-runner/.runner
[2022-11-21 19:35:10Z INFO HostContext] Well known directory 'Bin': '/Users/daniel.salmeron/repos/vault-guides/ecosystem/vault-github-action/actions-runner/bin'
[2022-11-21 19:35:10Z INFO HostContext] Well known directory 'Root': '/Users/daniel.salmeron/repos/vault-guides/ecosystem/vault-github-action/actions-runner'
[2022-11-21 19:35:10Z INFO HostContext] Well known config file 'Credentials': '/Users/daniel.salmeron/repos/vault-guides/ecosystem/vault-github-action/actions-runner/.credentials'
[2022-11-21 19:35:10Z INFO ConfigurationStore] CredFilePath: /Users/daniel.salmeron/repos/vault-guides/ecosystem/vault-github-action/actions-runner/.credentials
[2022-11-21 19:35:10Z INFO HostContext] Well known directory 'Bin': '/Users/daniel.salmeron/repos/vault-guides/ecosystem/vault-github-action/actions-runner/bin'
[2022-11-21 19:35:10Z INFO HostContext] Well known directory 'Root': '/Users/daniel.salmeron/repos/vault-guides/ecosystem/vault-github-action/actions-runner'
[2022-11-21 19:35:10Z INFO HostContext] Well known config file 'MigratedCredentials': '/Users/daniel.salmeron/repos/vault-guides/ecosystem/vault-github-action/actions-runner/.credentials_migrated'
[2022-11-21 19:35:10Z INFO ConfigurationStore] MigratedCredFilePath: /Users/daniel.salmeron/repos/vault-guides/ecosystem/vault-github-action/actions-runner/.credentials_migrated
[2022-11-21 19:35:10Z INFO HostContext] Well known directory 'Bin': '/Users/daniel.salmeron/repos/vault-guides/ecosystem/vault-github-action/actions-runner/bin'
[2022-11-21 19:35:10Z INFO HostContext] Well known directory 'Root': '/Users/daniel.salmeron/repos/vault-guides/ecosystem/vault-github-action/actions-runner'
[2022-11-21 19:35:10Z INFO HostContext] Well known config file 'Service': '/Users/daniel.salmeron/repos/vault-guides/ecosystem/vault-github-action/actions-runner/.service'
[2022-11-21 19:35:10Z INFO ConfigurationStore] ServiceConfigFilePath: /Users/daniel.salmeron/repos/vault-guides/ecosystem/vault-github-action/actions-runner/.service
[2022-11-21 19:35:10Z INFO CommandSettings] Flag 'help': 'False'
[2022-11-21 19:35:10Z INFO CommandSettings] Flag 'version': 'False'
[2022-11-21 19:35:10Z INFO CommandSettings] Flag 'commit': 'False'
[2022-11-21 19:35:10Z INFO CommandSettings] Flag 'check': 'False'
[2022-11-21 19:35:10Z INFO CommandSettings] Command 'configure': 'False'
[2022-11-21 19:35:10Z INFO CommandSettings] Command 'remove': 'False'
[2022-11-21 19:35:10Z INFO CommandSettings] Command 'warmup': 'False'
[2022-11-21 19:35:10Z INFO ConfigurationManager] LoadSettings
[2022-11-21 19:35:10Z INFO ConfigurationStore] IsConfigured()
[2022-11-21 19:35:10Z INFO ConfigurationStore] IsConfigured: True
[2022-11-21 19:35:10Z INFO ConfigurationManager] Is configured: True
[2022-11-21 19:35:10Z INFO ConfigurationStore] Read setting file: 309 chars
[2022-11-21 19:35:10Z INFO ConfigurationManager] Settings Loaded
[2022-11-21 19:35:10Z INFO ConfigurationStore] IsServiceConfigured()
[2022-11-21 19:35:10Z INFO ConfigurationStore] IsServiceConfigured: False
[2022-11-21 19:35:10Z INFO CommandSettings] Command 'run': 'True'
[2022-11-21 19:35:10Z INFO ConfigurationStore] IsConfigured()
[2022-11-21 19:35:10Z INFO ConfigurationStore] IsConfigured: True
[2022-11-21 19:35:10Z INFO ConfigurationManager] Is configured: True
[2022-11-21 19:35:10Z INFO Runner] Could not parse the argument value '' for StartupType. Defaulting to Manual
[2022-11-21 19:35:10Z INFO Runner] Set runner startup type - Manual
[2022-11-21 19:35:10Z INFO CommandSettings] Flag 'once': 'False'
[2022-11-21 19:35:10Z INFO CommandSettings] Flag 'once': 'False'
[2022-11-21 19:35:10Z INFO Runner] RunAsync
[2022-11-21 19:35:10Z INFO ConfigurationManager] LoadSettings
[2022-11-21 19:35:10Z INFO ConfigurationStore] IsConfigured()
[2022-11-21 19:35:10Z INFO ConfigurationStore] IsConfigured: True
[2022-11-21 19:35:10Z INFO ConfigurationManager] Is configured: True
[2022-11-21 19:35:10Z INFO ConfigurationManager] Settings Loaded
[2022-11-21 19:35:10Z INFO MessageListener] {
  "AgentId": 2,
  "AgentName": "Daniels-MacBook-Pro",
  "PoolId": 1,
  "PoolName": "Default",
  "ServerUrl": "https://pipelines.actions.githubusercontent.com/hF8zOUMGWytK4JAmod8FLcZ1yafXwV1u0ooB62lFUJAAnu6xlj",
  "GitHubUrl": "https://github.com/okuspocus/vault-action-exampleapp",
  "WorkFolder": "_work"
}
[2022-11-21 19:35:10Z INFO MessageListener] Loading Credentials
[2022-11-21 19:35:10Z INFO ConfigurationStore] HasCredentials()
[2022-11-21 19:35:10Z INFO ConfigurationStore] stored True
[2022-11-21 19:35:10Z INFO CredentialManager] GetCredentialProvider
[2022-11-21 19:35:10Z INFO CredentialManager] Creating type OAuth
[2022-11-21 19:35:10Z INFO CredentialManager] Creating credential type: OAuth
[2022-11-21 19:35:10Z INFO HostContext] Well known directory 'Bin': '/Users/daniel.salmeron/repos/vault-guides/ecosystem/vault-github-action/actions-runner/bin'
[2022-11-21 19:35:10Z INFO HostContext] Well known directory 'Root': '/Users/daniel.salmeron/repos/vault-guides/ecosystem/vault-github-action/actions-runner'
[2022-11-21 19:35:10Z INFO HostContext] Well known config file 'RSACredentials': '/Users/daniel.salmeron/repos/vault-guides/ecosystem/vault-github-action/actions-runner/.credentials_rsaparams'
[2022-11-21 19:35:10Z INFO RSAFileKeyManager] Loading RSA key parameters from file /Users/daniel.salmeron/repos/vault-guides/ecosystem/vault-github-action/actions-runner/.credentials_rsaparams
[2022-11-21 19:35:10Z INFO MessageListener] Attempt to create session.
[2022-11-21 19:35:10Z INFO MessageListener] Connecting to the Runner Server...
[2022-11-21 19:35:10Z INFO RunnerServer] EstablishVssConnection
[2022-11-21 19:35:10Z INFO RunnerServer] Establish connection with 100 seconds timeout.
[2022-11-21 19:35:10Z INFO GitHubActionsService] Starting operation Location.GetConnectionData
[2022-11-21 19:35:10Z INFO RunnerServer] EstablishVssConnection
[2022-11-21 19:35:10Z INFO RunnerServer] Establish connection with 60 seconds timeout.
[2022-11-21 19:35:10Z INFO GitHubActionsService] Starting operation Location.GetConnectionData
[2022-11-21 19:35:10Z INFO RunnerServer] EstablishVssConnection
[2022-11-21 19:35:10Z INFO RunnerServer] Establish connection with 60 seconds timeout.
[2022-11-21 19:35:10Z INFO GitHubActionsService] Starting operation Location.GetConnectionData
[2022-11-21 19:35:11Z INFO GitHubActionsService] Finished operation Location.GetConnectionData
[2022-11-21 19:35:11Z INFO GitHubActionsService] Finished operation Location.GetConnectionData
[2022-11-21 19:35:11Z INFO GitHubActionsService] Finished operation Location.GetConnectionData
[2022-11-21 19:35:11Z INFO MessageListener] VssConnection created
[2022-11-21 19:35:11Z INFO Terminal] WRITE LINE: 
[2022-11-21 19:35:11Z INFO Terminal] WRITE LINE: 
[2022-11-21 19:35:12Z INFO RSAFileKeyManager] Loading RSA key parameters from file /Users/daniel.salmeron/repos/vault-guides/ecosystem/vault-github-action/actions-runner/.credentials_rsaparams
[2022-11-21 19:35:12Z INFO RSAFileKeyManager] Loading RSA key parameters from file /Users/daniel.salmeron/repos/vault-guides/ecosystem/vault-github-action/actions-runner/.credentials_rsaparams
[2022-11-21 19:35:12Z INFO GitHubActionsService] AAD Correlation ID for this token request: Unknown
[2022-11-21 19:35:13Z INFO MessageListener] Session created.
[2022-11-21 19:35:13Z INFO Terminal] WRITE LINE: Current runner version: '2.299.1'
[2022-11-21 19:35:13Z INFO Terminal] WRITE LINE: 2022-11-21 19:35:13Z: Listening for Jobs
[2022-11-21 19:35:13Z INFO JobDispatcher] Set runner/worker IPC timeout to 30 seconds.
[2022-11-21 19:36:45Z INFO Terminal] WRITE LINE: Exiting...
[2022-11-21 19:36:45Z INFO ConfigurationStore] IsServiceConfigured()
[2022-11-21 19:36:45Z INFO ConfigurationStore] IsServiceConfigured: False
[2022-11-21 19:36:45Z INFO HostContext] Runner will be shutdown for UserCancelled
[2022-11-21 19:36:45Z WARN GitHubActionsService] GET request to https://pipelines.actions.githubusercontent.com/hF8zOUMGWytK4JAmod8FLcZ1yafXwV1u0ooB62lFUJAAnu6xlj/_apis/distributedtask/pools/1/messages?sessionId=5b0e14ca-ba91-4740-9278-b6bacc1654d5&status=Online has been cancelled.
[2022-11-21 19:36:45Z INFO MessageListener] Get next message has been cancelled.
[2022-11-21 19:36:45Z INFO JobDispatcher] Shutting down JobDispatcher. Make sure all WorkerDispatcher has finished.
[2022-11-21 19:36:46Z INFO Listener] Runner execution been cancelled.
