[2022-11-21 16:57:16Z INFO HostContext] No proxy settings were found based on environmental variables (http_proxy/https_proxy/HTTP_PROXY/HTTPS_PROXY)
[2022-11-21 16:57:16Z INFO HostContext] Well known directory 'Bin': '/Users/daniel.salmeron/repos/vault-guides/ecosystem/vault-github-action/actions-runner/bin'
[2022-11-21 16:57:16Z INFO HostContext] Well known directory 'Root': '/Users/daniel.salmeron/repos/vault-guides/ecosystem/vault-github-action/actions-runner'
[2022-11-21 16:57:16Z INFO HostContext] Well known config file 'Credentials': '/Users/daniel.salmeron/repos/vault-guides/ecosystem/vault-github-action/actions-runner/.credentials'
[2022-11-21 16:57:16Z INFO HostContext] Well known directory 'Bin': '/Users/daniel.salmeron/repos/vault-guides/ecosystem/vault-github-action/actions-runner/bin'
[2022-11-21 16:57:16Z INFO HostContext] Well known directory 'Root': '/Users/daniel.salmeron/repos/vault-guides/ecosystem/vault-github-action/actions-runner'
[2022-11-21 16:57:16Z INFO HostContext] Well known config file 'Runner': '/Users/daniel.salmeron/repos/vault-guides/ecosystem/vault-github-action/actions-runner/.runner'
[2022-11-21 16:57:16Z INFO Listener] Runner is built for OSX (X64) - osx-x64.
[2022-11-21 16:57:16Z INFO Listener] RuntimeInformation: Darwin 21.2.0 Darwin Kernel Version 21.2.0: Sun Nov 28 20:28:41 PST 2021; root:xnu-8019.61.5~1/RELEASE_ARM64_T6000.
[2022-11-21 16:57:16Z INFO Listener] Version: 2.299.1
[2022-11-21 16:57:16Z INFO Listener] Commit: 2e44f985bd9bf890dc061e654f6a850c6f1249cf
[2022-11-21 16:57:16Z INFO Listener] Culture: 
[2022-11-21 16:57:16Z INFO Listener] UI Culture: 
[2022-11-21 16:57:16Z INFO HostContext] Well known directory 'Bin': '/Users/daniel.salmeron/repos/vault-guides/ecosystem/vault-github-action/actions-runner/bin'
[2022-11-21 16:57:16Z INFO HostContext] Well known directory 'Root': '/Users/daniel.salmeron/repos/vault-guides/ecosystem/vault-github-action/actions-runner'
[2022-11-21 16:57:16Z INFO Listener] Validating directory permissions for: '/Users/daniel.salmeron/repos/vault-guides/ecosystem/vault-github-action/actions-runner'
[2022-11-21 16:57:16Z INFO CommandLineParser] Parse
[2022-11-21 16:57:16Z INFO CommandLineParser] Parsing 5 args
[2022-11-21 16:57:16Z INFO CommandLineParser] parsing argument
[2022-11-21 16:57:16Z INFO CommandLineParser] HasArgs: False
[2022-11-21 16:57:16Z INFO CommandLineParser] Adding Command: configure
[2022-11-21 16:57:16Z INFO CommandLineParser] parsing argument
[2022-11-21 16:57:16Z INFO CommandLineParser] HasArgs: True
[2022-11-21 16:57:16Z INFO CommandLineParser] arg: url
[2022-11-21 16:57:16Z INFO CommandLineParser] parsing argument
[2022-11-21 16:57:16Z INFO CommandLineParser] HasArgs: True
[2022-11-21 16:57:16Z INFO CommandLineParser] Adding option 'url': 'https://github.com/okuspocus/vault-action-exampleapp'
[2022-11-21 16:57:16Z INFO CommandLineParser] parsing argument
[2022-11-21 16:57:16Z INFO CommandLineParser] HasArgs: True
[2022-11-21 16:57:16Z INFO CommandLineParser] arg: token
[2022-11-21 16:57:16Z INFO CommandLineParser] parsing argument
[2022-11-21 16:57:16Z INFO CommandLineParser] HasArgs: True
[2022-11-21 16:57:16Z INFO CommandLineParser] Adding option 'token': '***'
[2022-11-21 16:57:16Z INFO Listener] Arguments parsed
[2022-11-21 16:57:16Z INFO Runner] ExecuteCommand
[2022-11-21 16:57:16Z INFO ConfigurationStore] currentAssemblyLocation: /Users/daniel.salmeron/repos/vault-guides/ecosystem/vault-github-action/actions-runner/bin/Runner.Listener.dll
[2022-11-21 16:57:16Z INFO HostContext] Well known directory 'Bin': '/Users/daniel.salmeron/repos/vault-guides/ecosystem/vault-github-action/actions-runner/bin'
[2022-11-21 16:57:16Z INFO ConfigurationStore] binPath: /Users/daniel.salmeron/repos/vault-guides/ecosystem/vault-github-action/actions-runner/bin
[2022-11-21 16:57:16Z INFO HostContext] Well known directory 'Bin': '/Users/daniel.salmeron/repos/vault-guides/ecosystem/vault-github-action/actions-runner/bin'
[2022-11-21 16:57:16Z INFO HostContext] Well known directory 'Root': '/Users/daniel.salmeron/repos/vault-guides/ecosystem/vault-github-action/actions-runner'
[2022-11-21 16:57:16Z INFO ConfigurationStore] RootFolder: /Users/daniel.salmeron/repos/vault-guides/ecosystem/vault-github-action/actions-runner
[2022-11-21 16:57:16Z INFO HostContext] Well known directory 'Bin': '/Users/daniel.salmeron/repos/vault-guides/ecosystem/vault-github-action/actions-runner/bin'
[2022-11-21 16:57:16Z INFO HostContext] Well known directory 'Root': '/Users/daniel.salmeron/repos/vault-guides/ecosystem/vault-github-action/actions-runner'
[2022-11-21 16:57:16Z INFO HostContext] Well known config file 'Runner': '/Users/daniel.salmeron/repos/vault-guides/ecosystem/vault-github-action/actions-runner/.runner'
[2022-11-21 16:57:16Z INFO ConfigurationStore] ConfigFilePath: /Users/daniel.salmeron/repos/vault-guides/ecosystem/vault-github-action/actions-runner/.runner
[2022-11-21 16:57:16Z INFO HostContext] Well known directory 'Bin': '/Users/daniel.salmeron/repos/vault-guides/ecosystem/vault-github-action/actions-runner/bin'
[2022-11-21 16:57:16Z INFO HostContext] Well known directory 'Root': '/Users/daniel.salmeron/repos/vault-guides/ecosystem/vault-github-action/actions-runner'
[2022-11-21 16:57:16Z INFO HostContext] Well known config file 'Credentials': '/Users/daniel.salmeron/repos/vault-guides/ecosystem/vault-github-action/actions-runner/.credentials'
[2022-11-21 16:57:16Z INFO ConfigurationStore] CredFilePath: /Users/daniel.salmeron/repos/vault-guides/ecosystem/vault-github-action/actions-runner/.credentials
[2022-11-21 16:57:16Z INFO HostContext] Well known directory 'Bin': '/Users/daniel.salmeron/repos/vault-guides/ecosystem/vault-github-action/actions-runner/bin'
[2022-11-21 16:57:16Z INFO HostContext] Well known directory 'Root': '/Users/daniel.salmeron/repos/vault-guides/ecosystem/vault-github-action/actions-runner'
[2022-11-21 16:57:16Z INFO HostContext] Well known config file 'MigratedCredentials': '/Users/daniel.salmeron/repos/vault-guides/ecosystem/vault-github-action/actions-runner/.credentials_migrated'
[2022-11-21 16:57:16Z INFO ConfigurationStore] MigratedCredFilePath: /Users/daniel.salmeron/repos/vault-guides/ecosystem/vault-github-action/actions-runner/.credentials_migrated
[2022-11-21 16:57:16Z INFO HostContext] Well known directory 'Bin': '/Users/daniel.salmeron/repos/vault-guides/ecosystem/vault-github-action/actions-runner/bin'
[2022-11-21 16:57:16Z INFO HostContext] Well known directory 'Root': '/Users/daniel.salmeron/repos/vault-guides/ecosystem/vault-github-action/actions-runner'
[2022-11-21 16:57:16Z INFO HostContext] Well known config file 'Service': '/Users/daniel.salmeron/repos/vault-guides/ecosystem/vault-github-action/actions-runner/.service'
[2022-11-21 16:57:16Z INFO ConfigurationStore] ServiceConfigFilePath: /Users/daniel.salmeron/repos/vault-guides/ecosystem/vault-github-action/actions-runner/.service
[2022-11-21 16:57:16Z INFO CommandSettings] Flag 'help': 'False'
[2022-11-21 16:57:16Z INFO CommandSettings] Flag 'version': 'False'
[2022-11-21 16:57:16Z INFO CommandSettings] Flag 'commit': 'False'
[2022-11-21 16:57:16Z INFO CommandSettings] Flag 'check': 'False'
[2022-11-21 16:57:16Z INFO CommandSettings] Command 'configure': 'True'
[2022-11-21 16:57:16Z INFO Terminal] WRITE LINE: 
[2022-11-21 16:57:16Z INFO Terminal] WRITE LINE: --------------------------------------------------------------------------------
[2022-11-21 16:57:16Z INFO Terminal] WRITE LINE: |        ____ _ _   _   _       _          _        _   _                      |
[2022-11-21 16:57:16Z INFO Terminal] WRITE LINE: |       / ___(_) |_| | | |_   _| |__      / \   ___| |_(_) ___  _ __  ___      |
[2022-11-21 16:57:16Z INFO Terminal] WRITE LINE: |      | |  _| | __| |_| | | | | '_ \    / _ \ / __| __| |/ _ \| '_ \/ __|     |
[2022-11-21 16:57:16Z INFO Terminal] WRITE LINE: |      | |_| | | |_|  _  | |_| | |_) |  / ___ \ (__| |_| | (_) | | | \__ \     |
[2022-11-21 16:57:16Z INFO Terminal] WRITE LINE: |       \____|_|\__|_| |_|\__,_|_.__/  /_/   \_\___|\__|_|\___/|_| |_|___/     |
[2022-11-21 16:57:16Z INFO Terminal] WRITE LINE: |                                                                              |
[2022-11-21 16:57:16Z INFO Terminal] WRITE: |                       
[2022-11-21 16:57:16Z INFO Terminal] WRITE: Self-hosted runner registration
[2022-11-21 16:57:16Z INFO Terminal] WRITE LINE:                         |
[2022-11-21 16:57:16Z INFO Terminal] WRITE LINE: |                                                                              |
[2022-11-21 16:57:16Z INFO Terminal] WRITE LINE: --------------------------------------------------------------------------------
[2022-11-21 16:57:16Z INFO ConfigurationManager] ConfigureAsync
[2022-11-21 16:57:16Z INFO CommandSettings] Flag 'generateServiceConfig': 'False'
[2022-11-21 16:57:16Z INFO ConfigurationStore] IsConfigured()
[2022-11-21 16:57:16Z INFO ConfigurationStore] IsConfigured: False
[2022-11-21 16:57:16Z INFO ConfigurationManager] Is configured: False
[2022-11-21 16:57:16Z INFO CommandSettings] Arg 'url': 'https://github.com/okuspocus/vault-action-exampleapp'
[2022-11-21 16:57:16Z INFO CommandSettings] Remove url from Arg dictionary.
[2022-11-21 16:57:16Z INFO CommandSettings] Arg 'token': '***'
[2022-11-21 16:57:16Z INFO CommandSettings] Remove token from Arg dictionary.
[2022-11-21 16:57:18Z INFO ConfigurationManager] Http response code: OK from 'POST https://api.github.com/actions/runner-registration'
[2022-11-21 16:57:18Z INFO ConfigurationManager] cred retrieved via GitHub auth
[2022-11-21 16:57:18Z INFO RunnerServer] EstablishVssConnection
[2022-11-21 16:57:18Z INFO RunnerServer] Establish connection with 100 seconds timeout.
[2022-11-21 16:57:18Z INFO GitHubActionsService] Starting operation Location.GetConnectionData
[2022-11-21 16:57:18Z INFO RunnerServer] EstablishVssConnection
[2022-11-21 16:57:18Z INFO RunnerServer] Establish connection with 60 seconds timeout.
[2022-11-21 16:57:18Z INFO GitHubActionsService] Starting operation Location.GetConnectionData
[2022-11-21 16:57:18Z INFO RunnerServer] EstablishVssConnection
[2022-11-21 16:57:18Z INFO RunnerServer] Establish connection with 60 seconds timeout.
[2022-11-21 16:57:18Z INFO GitHubActionsService] Starting operation Location.GetConnectionData
[2022-11-21 16:57:19Z INFO GitHubActionsService] Finished operation Location.GetConnectionData
[2022-11-21 16:57:19Z INFO GitHubActionsService] Finished operation Location.GetConnectionData
[2022-11-21 16:57:20Z INFO GitHubActionsService] Finished operation Location.GetConnectionData
[2022-11-21 16:57:20Z INFO Terminal] WRITE LINE: 
[2022-11-21 16:57:20Z INFO ConfigurationManager] Test Connection complete.
[2022-11-21 16:57:20Z INFO HostContext] Well known directory 'Bin': '/Users/daniel.salmeron/repos/vault-guides/ecosystem/vault-github-action/actions-runner/bin'
[2022-11-21 16:57:20Z INFO HostContext] Well known directory 'Root': '/Users/daniel.salmeron/repos/vault-guides/ecosystem/vault-github-action/actions-runner'
[2022-11-21 16:57:20Z INFO HostContext] Well known config file 'RSACredentials': '/Users/daniel.salmeron/repos/vault-guides/ecosystem/vault-github-action/actions-runner/.credentials_rsaparams'
[2022-11-21 16:57:20Z INFO RSAFileKeyManager] Found existing RSA key parameters file /Users/daniel.salmeron/repos/vault-guides/ecosystem/vault-github-action/actions-runner/.credentials_rsaparams
[2022-11-21 16:57:20Z INFO CommandSettings] Arg 'runnergroup': ''
[2022-11-21 16:57:20Z INFO CommandSettings] Flag 'unattended': 'False'
[2022-11-21 16:57:20Z INFO PromptManager] ReadValue
[2022-11-21 16:57:20Z INFO Terminal] WRITE: Enter the name of the runner group to add this runner to: 
[2022-11-21 16:57:20Z INFO Terminal] WRITE: [press Enter for Default] 
[2022-11-21 16:57:20Z INFO Terminal] READ LINE
[2022-11-21 16:57:23Z INFO Terminal] Read value: ''
[2022-11-21 16:57:23Z INFO PromptManager] Falling back to the default: 'Default'
[2022-11-21 16:57:23Z INFO Terminal] WRITE LINE: 
[2022-11-21 16:57:23Z INFO ConfigurationManager] Found a self-hosted runner group with id 1 and name Default
[2022-11-21 16:57:23Z INFO CommandSettings] Flag 'disableupdate': 'False'
[2022-11-21 16:57:23Z INFO CommandSettings] Flag 'ephemeral': 'False'
[2022-11-21 16:57:23Z INFO CommandSettings] Arg 'name': ''
[2022-11-21 16:57:23Z INFO CommandSettings] Flag 'unattended': 'False'
[2022-11-21 16:57:23Z INFO PromptManager] ReadValue
[2022-11-21 16:57:23Z INFO Terminal] WRITE: Enter the name of runner: 
[2022-11-21 16:57:23Z INFO Terminal] WRITE: [press Enter for Daniels-MacBook-Pro] 
[2022-11-21 16:57:23Z INFO Terminal] READ LINE
[2022-11-21 16:57:30Z INFO Terminal] Read value: ''
[2022-11-21 16:57:30Z INFO PromptManager] Falling back to the default: 'Daniels-MacBook-Pro'
[2022-11-21 16:57:30Z INFO Terminal] WRITE LINE: 
[2022-11-21 16:57:30Z INFO CommandSettings] Arg 'labels': ''
[2022-11-21 16:57:30Z INFO CommandSettings] Flag 'unattended': 'False'
[2022-11-21 16:57:30Z INFO PromptManager] ReadValue
[2022-11-21 16:57:30Z INFO Terminal] WRITE: This runner will have the following labels: 'self-hosted', 'macOS', 'X64' 
Enter any additional labels (ex. label-1,label-2): 
[2022-11-21 16:57:30Z INFO Terminal] WRITE: [press Enter to skip] 
[2022-11-21 16:57:30Z INFO Terminal] READ LINE
[2022-11-21 16:57:36Z INFO Terminal] Read value: ''
[2022-11-21 16:57:36Z INFO Terminal] WRITE LINE: 
[2022-11-21 16:57:37Z INFO CommandSettings] Flag 'disableupdate': 'False'
[2022-11-21 16:57:39Z INFO CommandSettings] Flag 'disableupdate': 'False'
[2022-11-21 16:57:39Z INFO CommandSettings] Flag 'ephemeral': 'False'
[2022-11-21 16:57:39Z INFO ConfigurationStore] Saving OAuth credential @ /Users/daniel.salmeron/repos/vault-guides/ecosystem/vault-github-action/actions-runner/.credentials
[2022-11-21 16:57:39Z INFO ConfigurationStore] Credentials Saved.
[2022-11-21 16:57:39Z INFO ConfigurationStore] HasCredentials()
[2022-11-21 16:57:39Z INFO ConfigurationStore] stored True
[2022-11-21 16:57:39Z INFO CredentialManager] GetCredentialProvider
[2022-11-21 16:57:39Z INFO CredentialManager] Creating type OAuth
[2022-11-21 16:57:39Z INFO CredentialManager] Creating credential type: OAuth
[2022-11-21 16:57:39Z INFO RSAFileKeyManager] Loading RSA key parameters from file /Users/daniel.salmeron/repos/vault-guides/ecosystem/vault-github-action/actions-runner/.credentials_rsaparams
[2022-11-21 16:57:39Z INFO RunnerServer] EstablishVssConnection
[2022-11-21 16:57:39Z INFO RunnerServer] Establish connection with 100 seconds timeout.
[2022-11-21 16:57:39Z INFO GitHubActionsService] Starting operation Location.GetConnectionData
[2022-11-21 16:57:39Z INFO RunnerServer] EstablishVssConnection
[2022-11-21 16:57:39Z INFO RunnerServer] Establish connection with 60 seconds timeout.
[2022-11-21 16:57:39Z INFO GitHubActionsService] Starting operation Location.GetConnectionData
[2022-11-21 16:57:39Z INFO RunnerServer] EstablishVssConnection
[2022-11-21 16:57:39Z INFO RunnerServer] Establish connection with 60 seconds timeout.
[2022-11-21 16:57:39Z INFO GitHubActionsService] Starting operation Location.GetConnectionData
[2022-11-21 16:57:40Z INFO GitHubActionsService] Finished operation Location.GetConnectionData
[2022-11-21 16:57:40Z INFO GitHubActionsService] Finished operation Location.GetConnectionData
[2022-11-21 16:57:40Z INFO GitHubActionsService] Finished operation Location.GetConnectionData
[2022-11-21 16:57:40Z INFO RSAFileKeyManager] Loading RSA key parameters from file /Users/daniel.salmeron/repos/vault-guides/ecosystem/vault-github-action/actions-runner/.credentials_rsaparams
[2022-11-21 16:57:40Z INFO RSAFileKeyManager] Loading RSA key parameters from file /Users/daniel.salmeron/repos/vault-guides/ecosystem/vault-github-action/actions-runner/.credentials_rsaparams
[2022-11-21 16:57:41Z INFO GitHubActionsService] AAD Correlation ID for this token request: Unknown
[2022-11-21 16:57:41Z INFO CommandSettings] Arg 'work': ''
[2022-11-21 16:57:41Z INFO CommandSettings] Flag 'unattended': 'False'
[2022-11-21 16:57:41Z INFO PromptManager] ReadValue
[2022-11-21 16:57:41Z INFO Terminal] WRITE: Enter name of work folder: 
[2022-11-21 16:57:41Z INFO Terminal] WRITE: [press Enter for _work] 
[2022-11-21 16:57:41Z INFO Terminal] READ LINE
[2022-11-21 16:58:41Z INFO Terminal] Read value: ''
[2022-11-21 16:58:41Z INFO PromptManager] Falling back to the default: '_work'
[2022-11-21 16:58:41Z INFO ConfigurationStore] Saving runner settings.
[2022-11-21 16:58:41Z INFO ConfigurationStore] Settings Saved.
[2022-11-21 16:58:41Z INFO Terminal] WRITE LINE: 
[2022-11-21 16:58:41Z INFO Terminal] WRITE LINE: 
[2022-11-21 16:58:41Z INFO OsxServiceControlManager] Service name 'actions.runner.okuspocus-vault-action-exampleapp.Daniels-MacBook-Pro' display name 'GitHub Actions Runner (okuspocus-vault-action-exampleapp.Daniels-MacBook-Pro)' will be used for service configuration.
[2022-11-21 16:58:41Z INFO HostContext] Well known directory 'Bin': '/Users/daniel.salmeron/repos/vault-guides/ecosystem/vault-github-action/actions-runner/bin'
[2022-11-21 16:58:41Z INFO HostContext] Well known directory 'Root': '/Users/daniel.salmeron/repos/vault-guides/ecosystem/vault-github-action/actions-runner'
[2022-11-21 16:58:41Z INFO HostContext] Well known directory 'Bin': '/Users/daniel.salmeron/repos/vault-guides/ecosystem/vault-github-action/actions-runner/bin'
[2022-11-21 16:58:41Z INFO HostContext] Well known directory 'Bin': '/Users/daniel.salmeron/repos/vault-guides/ecosystem/vault-github-action/actions-runner/bin'
[2022-11-21 16:58:41Z INFO HostContext] Well known directory 'Root': '/Users/daniel.salmeron/repos/vault-guides/ecosystem/vault-github-action/actions-runner'
[2022-11-21 16:58:41Z INFO UnixUtil] Which: 'chmod'
[2022-11-21 16:58:41Z INFO UnixUtil] Location: '/bin/chmod'
[2022-11-21 16:58:41Z INFO UnixUtil] Running /bin/chmod 755 "/Users/daniel.salmeron/repos/vault-guides/ecosystem/vault-github-action/actions-runner/svc.sh"
[2022-11-21 16:58:41Z INFO ProcessInvokerWrapper] Starting process:
[2022-11-21 16:58:41Z INFO ProcessInvokerWrapper]   File name: '/bin/chmod'
[2022-11-21 16:58:41Z INFO ProcessInvokerWrapper]   Arguments: '755 "/Users/daniel.salmeron/repos/vault-guides/ecosystem/vault-github-action/actions-runner/svc.sh"'
[2022-11-21 16:58:41Z INFO ProcessInvokerWrapper]   Working directory: '/Users/daniel.salmeron/repos/vault-guides/ecosystem/vault-github-action/actions-runner'
[2022-11-21 16:58:41Z INFO ProcessInvokerWrapper]   Require exit code zero: 'True'
[2022-11-21 16:58:41Z INFO ProcessInvokerWrapper]   Encoding web name:  ; code page: ''
[2022-11-21 16:58:41Z INFO ProcessInvokerWrapper]   Force kill process on cancellation: 'False'
[2022-11-21 16:58:41Z INFO ProcessInvokerWrapper]   Redirected STDIN: 'False'
[2022-11-21 16:58:41Z INFO ProcessInvokerWrapper]   Persist current code page: 'False'
[2022-11-21 16:58:41Z INFO ProcessInvokerWrapper]   Keep redirected STDIN open: 'False'
[2022-11-21 16:58:41Z INFO ProcessInvokerWrapper]   High priority process: 'False'
[2022-11-21 16:58:41Z INFO ProcessInvokerWrapper] Process started with process id 25771, waiting for process exit.
[2022-11-21 16:58:41Z INFO ProcessInvokerWrapper] STDOUT/STDERR stream read finished.
[2022-11-21 16:58:41Z INFO ProcessInvokerWrapper] STDOUT/STDERR stream read finished.
[2022-11-21 16:58:41Z INFO ProcessInvokerWrapper] Finished process 25771 with exit code 0, and elapsed time 00:00:00.0592200.
[2022-11-21 16:58:41Z INFO Listener] Runner execution has finished with return code 0
